Using pre-set license
Built from '2022.3/staging' branch; Version is '2022.3.19f1 (244b723c30a6) revision 2378610'; Using compiler version '192829333'; Build Type 'Release'
OS: 'Windows 10  (10.0.19045) 64bit Core' Language: 'ko' Physical Memory: 32650 MB
BatchMode: 1, IsHumanControllingUs: 0, StartBugReporterOnCrash: 0, Is64bit: 1, IsPro: 1

COMMAND LINE ARGUMENTS:
C:\Program Files\Unity\Hub\Editor\2022.3.19f1\Editor\Unity.exe
-adb2
-batchMode
-noUpm
-name
AssetImportWorker0
-projectPath
C:/Users/kimse/Housekeeper/housekeeping
-logFile
Logs/AssetImportWorker0.log
-srvPort
55835
Successfully changed project path to: C:/Users/kimse/Housekeeper/housekeeping
C:/Users/kimse/Housekeeper/housekeeping
[UnityMemory] Configuration Parameters - Can be set up in boot.config
    "memorysetup-bucket-allocator-granularity=16"
    "memorysetup-bucket-allocator-bucket-count=8"
    "memorysetup-bucket-allocator-block-size=33554432"
    "memorysetup-bucket-allocator-block-count=8"
    "memorysetup-main-allocator-block-size=16777216"
    "memorysetup-thread-allocator-block-size=16777216"
    "memorysetup-gfx-main-allocator-block-size=16777216"
    "memorysetup-gfx-thread-allocator-block-size=16777216"
    "memorysetup-cache-allocator-block-size=4194304"
    "memorysetup-typetree-allocator-block-size=2097152"
    "memorysetup-profiler-bucket-allocator-granularity=16"
    "memorysetup-profiler-bucket-allocator-bucket-count=8"
    "memorysetup-profiler-bucket-allocator-block-size=33554432"
    "memorysetup-profiler-bucket-allocator-block-count=8"
    "memorysetup-profiler-allocator-block-size=16777216"
    "memorysetup-profiler-editor-allocator-block-size=1048576"
    "memorysetup-temp-allocator-size-main=16777216"
    "memorysetup-job-temp-allocator-block-size=2097152"
    "memorysetup-job-temp-allocator-block-size-background=1048576"
    "memorysetup-job-temp-allocator-reduction-small-platforms=262144"
    "memorysetup-allocator-temp-initial-block-size-main=262144"
    "memorysetup-allocator-temp-initial-block-size-worker=262144"
    "memorysetup-temp-allocator-size-background-worker=32768"
    "memorysetup-temp-allocator-size-job-worker=262144"
    "memorysetup-temp-allocator-size-preload-manager=33554432"
    "memorysetup-temp-allocator-size-nav-mesh-worker=65536"
    "memorysetup-temp-allocator-size-audio-worker=65536"
    "memorysetup-temp-allocator-size-cloud-worker=32768"
    "memorysetup-temp-allocator-size-gi-baking-worker=262144"
    "memorysetup-temp-allocator-size-gfx=262144"
Player connection [33652] Host "[IP] 220.118.53.19 [Port] 0 [Flags] 2 [Guid] 2251226143 [EditorId] 2251226143 [Version] 1048832 [Id] WindowsEditor(7,DESKTOP-CUN100G) [Debug] 1 [PackageName] WindowsEditor [ProjectName] Editor" joined multi-casting on [225.0.0.222:54997]...

Player connection [33652] Host "[IP] 220.118.53.19 [Port] 0 [Flags] 2 [Guid] 2251226143 [EditorId] 2251226143 [Version] 1048832 [Id] WindowsEditor(7,DESKTOP-CUN100G) [Debug] 1 [PackageName] WindowsEditor [ProjectName] Editor" joined alternative multi-casting on [225.0.0.222:34997]...

[Physics::Module] Initialized MultithreadedJobDispatcher with 11 workers.
Refreshing native plugins compatible for Editor in 10.85 ms, found 3 plugins.
Preloading 0 native plugins for Editor in 0.00 ms.
Initialize engine version: 2022.3.19f1 (244b723c30a6)
[Subsystems] Discovering subsystems at path C:/Program Files/Unity/Hub/Editor/2022.3.19f1/Editor/Data/Resources/UnitySubsystems
[Subsystems] Discovering subsystems at path C:/Users/kimse/Housekeeper/housekeeping/Assets
GfxDevice: creating device client; threaded=0; jobified=0
Direct3D:
    Version:  Direct3D 11.0 [level 11.1]
    Renderer: NVIDIA GeForce RTX 3080 (ID=0x2206)
    Vendor:   NVIDIA
    VRAM:     10053 MB
    Driver:   31.0.15.5186
Initialize mono
Mono path[0] = 'C:/Program Files/Unity/Hub/Editor/2022.3.19f1/Editor/Data/Managed'
Mono path[1] = 'C:/Program Files/Unity/Hub/Editor/2022.3.19f1/Editor/Data/MonoBleedingEdge/lib/mono/unityjit-win32'
Mono config path = 'C:/Program Files/Unity/Hub/Editor/2022.3.19f1/Editor/Data/MonoBleedingEdge/etc'
Using monoOptions --debugger-agent=transport=dt_socket,embedding=1,server=y,suspend=n,address=127.0.0.1:56132
Begin MonoManager ReloadAssembly
Registering precompiled unity dll's ...
Register platform support module: C:/Program Files/Unity/Hub/Editor/2022.3.19f1/Editor/Data/PlaybackEngines/AndroidPlayer/UnityEditor.Android.Extensions.dll
Register platform support module: C:/Program Files/Unity/Hub/Editor/2022.3.19f1/Editor/Data/PlaybackEngines/iOSSupport/UnityEditor.iOS.Extensions.dll
Register platform support module: C:/Program Files/Unity/Hub/Editor/2022.3.19f1/Editor/Data/PlaybackEngines/WindowsStandaloneSupport/UnityEditor.WindowsStandalone.Extensions.dll
Registered in 0.014343 seconds.
- Loaded All Assemblies, in  0.314 seconds
Native extension for WindowsStandalone target not found
[usbmuxd] Start listen thread
[usbmuxd] Listen thread started
Native extension for iOS target not found
Native extension for Android target not found
Android Extension - Scanning For ADB Devices 226 ms
Mono: successfully reloaded assembly
- Finished resetting the current domain, in  0.512 seconds
Domain Reload Profiling: 823ms
	BeginReloadAssembly (95ms)
		ExecutionOrderSort (0ms)
		DisableScriptedObjects (0ms)
		BackupInstance (0ms)
		ReleaseScriptingObjects (0ms)
		CreateAndSetChildDomain (1ms)
	RebuildCommonClasses (29ms)
	RebuildNativeTypeToScriptingClass (8ms)
	initialDomainReloadingComplete (62ms)
	LoadAllAssembliesAndSetupDomain (117ms)
		LoadAssemblies (93ms)
		RebuildTransferFunctionScriptingTraits (0ms)
		AnalyzeDomain (115ms)
			TypeCache.Refresh (114ms)
				TypeCache.ScanAssembly (103ms)
			ScanForSourceGeneratedMonoScriptInfo (0ms)
			ResolveRequiredComponents (0ms)
	FinalizeReload (512ms)
		ReleaseScriptCaches (0ms)
		RebuildScriptCaches (0ms)
		SetupLoadedEditorAssemblies (464ms)
			LogAssemblyErrors (0ms)
			InitializePlatformSupportModulesInManaged (323ms)
			SetLoadedEditorAssemblies (3ms)
			RefreshPlugins (0ms)
			BeforeProcessingInitializeOnLoad (2ms)
			ProcessInitializeOnLoadAttributes (97ms)
			ProcessInitializeOnLoadMethodAttributes (39ms)
			AfterProcessingInitializeOnLoad (0ms)
			EditorAssembliesLoaded (0ms)
		ExecutionOrderSort2 (0ms)
		AwakeInstancesAfterBackupRestoration (0ms)
========================================================================
Worker process is ready to serve import requests
Begin MonoManager ReloadAssembly
- Loaded All Assemblies, in  0.580 seconds
Refreshing native plugins compatible for Editor in 4.03 ms, found 3 plugins.
Native extension for WindowsStandalone target not found
Native extension for iOS target not found
Native extension for Android target not found
Package Manager log level set to [2]
[Package Manager] Server::EnsureServerProcessIsRunning -- launch failed, reason: Unity was launched with the -noUpm command-line argument
[Package Manager] UpmClient::Send -- Unable to send message (not connected to UPM process).
[Package Manager] Cannot connect to Unity Package Manager local server
Mono: successfully reloaded assembly
- Finished resetting the current domain, in  0.500 seconds
Domain Reload Profiling: 1075ms
	BeginReloadAssembly (141ms)
		ExecutionOrderSort (0ms)
		DisableScriptedObjects (6ms)
		BackupInstance (0ms)
		ReleaseScriptingObjects (0ms)
		CreateAndSetChildDomain (22ms)
	RebuildCommonClasses (30ms)
	RebuildNativeTypeToScriptingClass (9ms)
	initialDomainReloadingComplete (42ms)
	LoadAllAssembliesAndSetupDomain (353ms)
		LoadAssemblies (279ms)
		RebuildTransferFunctionScriptingTraits (0ms)
		AnalyzeDomain (157ms)
			TypeCache.Refresh (138ms)
				TypeCache.ScanAssembly (124ms)
			ScanForSourceGeneratedMonoScriptInfo (14ms)
			ResolveRequiredComponents (3ms)
	FinalizeReload (501ms)
		ReleaseScriptCaches (0ms)
		RebuildScriptCaches (0ms)
		SetupLoadedEditorAssemblies (375ms)
			LogAssemblyErrors (0ms)
			InitializePlatformSupportModulesInManaged (34ms)
			SetLoadedEditorAssemblies (3ms)
			RefreshPlugins (0ms)
			BeforeProcessingInitializeOnLoad (57ms)
			ProcessInitializeOnLoadAttributes (255ms)
			ProcessInitializeOnLoadMethodAttributes (17ms)
			AfterProcessingInitializeOnLoad (8ms)
			EditorAssembliesLoaded (0ms)
		ExecutionOrderSort2 (0ms)
		AwakeInstancesAfterBackupRestoration (5ms)
Launched and connected shader compiler UnityShaderCompiler.exe after 0.04 seconds
Refreshing native plugins compatible for Editor in 4.52 ms, found 3 plugins.
Preloading 0 native plugins for Editor in 0.00 ms.
Unloading 3109 Unused Serialized files (Serialized files now loaded: 0)
Unloading 32 unused Assets / (57.1 KB). Loaded Objects now: 3576.
Memory consumption went from 132.5 MB to 132.4 MB.
Total: 3.184700 ms (FindLiveObjects: 0.355400 ms CreateObjectMapping: 0.180500 ms MarkObjects: 2.545700 ms  DeleteObjects: 0.102200 ms)

AssetImportParameters requested are different than current active one (requested -> active):
  custom:container-demuxer-ogg: 62fdf1f143b41e24485cea50d1cbac27 -> 
  custom:video-decoder-ogg-theora: a1e56fd34408186e4bbccfd4996cb3dc -> 
  custom:framework-win-MediaFoundation: 216162199b28c13a410421893ffa2e32 -> 
  custom:CustomObjectIndexerAttribute: 6d391050e5a25f67b0a2c618074f2cd9 -> 
  custom:container-demuxer-webm: 4f35f7cbe854078d1ac9338744f61a02 -> 
  custom:container-muxer-webm: aa71ff27fc2769a1b78a27578f13a17b -> 
  custom:video-decoder-webm-vp8: 9c59270c3fd7afecdb556c50c9e8de78 -> 
  custom:SearchIndexIgnoredProperties: e643bd26f0fe6173181afceb89e7c659 -> 
  custom:AudioImporter_EditorPlatform: d09bf68614088b80899f8185d706f6e7 -> 
  custom:video-encoder-webm-vp8: eb34c28f22e8b96e1ab97ce403110664 -> 
  custom:audio-decoder-ogg-vorbis: bf7c407c2cedff20999df2af8eb42d56 -> 
  custom:audio-encoder-webm-vorbis: bf7c407c2cedff20999df2af8eb42d56 -> 
========================================================================
Received Import Request.
  Time since last request: 33868.897117 seconds.
  path: Assets/Resources/ingameRes
  artifactKey: Guid(58ac105fc9da61a41a1f819677c690f6) Importer(815301076,1909f56bfc062723c751e8b465ee728b)
Start importing Assets/Resources/ingameRes using Guid(58ac105fc9da61a41a1f819677c690f6) Importer(815301076,1909f56bfc062723c751e8b465ee728b)  -> (artifact id: '5862aeeb14201cb49886750f658b5218') in 0.002335 seconds
Number of updated asset objects reloaded before import = 0
Number of asset objects unloaded after import = 0
========================================================================
Received Import Request.
  Time since last request: 21.196251 seconds.
  path: Assets/Resources/UIRes
  artifactKey: Guid(7dbcc70877dde634c8fcab243aa1dc8a) Importer(815301076,1909f56bfc062723c751e8b465ee728b)
Start importing Assets/Resources/UIRes using Guid(7dbcc70877dde634c8fcab243aa1dc8a) Importer(815301076,1909f56bfc062723c751e8b465ee728b)  -> (artifact id: 'a5fa12d3f0a09de375beb968d7a2bafb') in 0.000427 seconds
Number of updated asset objects reloaded before import = 0
Number of asset objects unloaded after import = 0
========================================================================
Received Import Request.
  Time since last request: 8.381558 seconds.
  path: Assets/Resources/ingameRes/New Folder
  artifactKey: Guid(b46e9c8e4d83f6044936a34babe7bd09) Importer(815301076,1909f56bfc062723c751e8b465ee728b)
Start importing Assets/Resources/ingameRes/New Folder using Guid(b46e9c8e4d83f6044936a34babe7bd09) Importer(815301076,1909f56bfc062723c751e8b465ee728b)  -> (artifact id: 'f6b702ec9b77fe915526512be02a28fc') in 0.000554 seconds
Number of updated asset objects reloaded before import = 0
Number of asset objects unloaded after import = 0
========================================================================
Received Import Request.
  Time since last request: 4.346363 seconds.
  path: Assets/Resources/ingameRes/New Folder/New Folder
  artifactKey: Guid(ecc281affa5009e4fb8882074d2109e7) Importer(815301076,1909f56bfc062723c751e8b465ee728b)
Start importing Assets/Resources/ingameRes/New Folder/New Folder using Guid(ecc281affa5009e4fb8882074d2109e7) Importer(815301076,1909f56bfc062723c751e8b465ee728b)  -> (artifact id: '93b97f4f1e5c419f520992b7c60a7805') in 0.000481 seconds
Number of updated asset objects reloaded before import = 0
Number of asset objects unloaded after import = 0
========================================================================
Received Import Request.
  Time since last request: 9.990871 seconds.
  path: Assets/Resources/ingameRes/New Folder/Enemy
  artifactKey: Guid(84cd71e034f88ab4a97e7fbe09c550fa) Importer(815301076,1909f56bfc062723c751e8b465ee728b)
Start importing Assets/Resources/ingameRes/New Folder/Enemy using Guid(84cd71e034f88ab4a97e7fbe09c550fa) Importer(815301076,1909f56bfc062723c751e8b465ee728b)  -> (artifact id: '9f5d83c5b75911d93b76fbbd3fcc211c') in 0.000445 seconds
Number of updated asset objects reloaded before import = 0
Number of asset objects unloaded after import = 0
========================================================================
Received Import Request.
  Time since last request: 12.138909 seconds.
  path: Assets/Resources/ingameRes/New Folder/Terrain
  artifactKey: Guid(ecc281affa5009e4fb8882074d2109e7) Importer(815301076,1909f56bfc062723c751e8b465ee728b)
Start importing Assets/Resources/ingameRes/New Folder/Terrain using Guid(ecc281affa5009e4fb8882074d2109e7) Importer(815301076,1909f56bfc062723c751e8b465ee728b)  -> (artifact id: 'ff7e9042d349d2a7fe6316d5c856c766') in 0.000433 seconds
Number of updated asset objects reloaded before import = 0
Number of asset objects unloaded after import = 0
========================================================================
Received Import Request.
  Time since last request: 31.295310 seconds.
  path: Assets/Resources/ingameRes/New Folder/Unit
  artifactKey: Guid(84cd71e034f88ab4a97e7fbe09c550fa) Importer(815301076,1909f56bfc062723c751e8b465ee728b)
Start importing Assets/Resources/ingameRes/New Folder/Unit using Guid(84cd71e034f88ab4a97e7fbe09c550fa) Importer(815301076,1909f56bfc062723c751e8b465ee728b)  -> (artifact id: '9cdecb0820e23f719ecbcb4880ed4751') in 0.000441 seconds
Number of updated asset objects reloaded before import = 0
Number of asset objects unloaded after import = 0
========================================================================
Received Import Request.
  Time since last request: 15.999559 seconds.
  path: Assets/Resources/ingameRes/New Folder/Unit/playerUnit
  artifactKey: Guid(4105848a05c40844fb522947237cd2f2) Importer(815301076,1909f56bfc062723c751e8b465ee728b)
Start importing Assets/Resources/ingameRes/New Folder/Unit/playerUnit using Guid(4105848a05c40844fb522947237cd2f2) Importer(815301076,1909f56bfc062723c751e8b465ee728b)  -> (artifact id: '49a3f5ad1621cffd7d122684e743e3c8') in 0.000551 seconds
Number of updated asset objects reloaded before import = 0
Number of asset objects unloaded after import = 0
========================================================================
Received Import Request.
  Time since last request: 10.240360 seconds.
  path: Assets/Resources/ingameRes/New Folder/Unit/enemyUnit
  artifactKey: Guid(0646899c53b555e4faf46a6e2e68bec8) Importer(815301076,1909f56bfc062723c751e8b465ee728b)
Start importing Assets/Resources/ingameRes/New Folder/Unit/enemyUnit using Guid(0646899c53b555e4faf46a6e2e68bec8) Importer(815301076,1909f56bfc062723c751e8b465ee728b)  -> (artifact id: 'b9773457ad22acb6c59f52d24569bf09') in 0.000457 seconds
Number of updated asset objects reloaded before import = 0
Number of asset objects unloaded after import = 0
========================================================================
Received Import Request.
  Time since last request: 72.093755 seconds.
  path: Assets/Resources/mapRes/Planet
  artifactKey: Guid(3a0d84e9f54281d47bb91cea2a7b0a4f) Importer(815301076,1909f56bfc062723c751e8b465ee728b)
Start importing Assets/Resources/mapRes/Planet using Guid(3a0d84e9f54281d47bb91cea2a7b0a4f) Importer(815301076,1909f56bfc062723c751e8b465ee728b)  -> (artifact id: 'c440a8b90a36365245cd3b9d9594a747') in 0.000453 seconds
Number of updated asset objects reloaded before import = 0
Number of asset objects unloaded after import = 0
